
=== Tue Sep 10 19:24:56 2024

Packages were changed.
Update Mode: updateDependencies

The following packages were updated:
  com.unity.collab-proxy from version 2.2.0 to 2.3.1
  com.unity.ide.rider from version 3.0.27 to 3.0.28
  com.unity.render-pipelines.universal from version 14.0.8 to 14.0.11
  com.unity.visualscripting from version 1.9.1 to 1.9.4
  com.unity.xr.interaction.toolkit from version 2.5.2 to 2.5.4

=== Tue Sep 17 12:00:40 2024

Packages were changed.
Update Mode: updateDependencies

The following packages were updated:
  com.unity.collab-proxy from version 1.13.5 to 2.3.1
  com.unity.ide.rider from version 3.0.7 to 3.0.28
  com.unity.ide.visualstudio from version 2.0.11 to 2.0.22
  com.unity.ide.vscode from version 1.2.4 to 1.2.5
  com.unity.render-pipelines.high-definition from version 12.1.0 to 14.0.11
  com.unity.render-pipelines.universal from version 12.1.0 to 14.0.11
  com.unity.shadergraph from version 12.1.0 to 14.0.11
  com.unity.test-framework from version 1.1.29 to 1.1.33
  com.unity.timeline from version 1.6.2 to 1.7.6
  com.unity.visualscripting from version 1.7.2 to 1.9.4

=== Tue Sep 17 12:00:40 2024

Packages were changed.
Update Mode: mergeDefaultDependencies

The following packages were added:
  com.unity.render-pipelines.high-definition@14.0.11
  com.unity.shadergraph@14.0.11

=== Tue Sep 17 13:49:00 2024

Packages were changed.
Update Mode: updateDependencies

The following packages were updated:
  com.unity.collab-proxy from version 1.13.5 to 2.3.1
  com.unity.ide.rider from version 3.0.7 to 3.0.28
  com.unity.ide.visualstudio from version 2.0.11 to 2.0.22
  com.unity.ide.vscode from version 1.2.4 to 1.2.5
  com.unity.render-pipelines.high-definition from version 12.1.0 to 14.0.11
  com.unity.render-pipelines.universal from version 12.1.0 to 14.0.11
  com.unity.shadergraph from version 12.1.0 to 14.0.11
  com.unity.test-framework from version 1.1.29 to 1.1.33
  com.unity.timeline from version 1.6.2 to 1.7.6
  com.unity.visualscripting from version 1.7.2 to 1.9.4

=== Tue Sep 17 13:54:52 2024

Packages were changed.
Update Mode: updateDependencies

The following packages were updated:
  com.unity.collab-proxy from version 1.13.5 to 2.3.1
  com.unity.ide.rider from version 3.0.7 to 3.0.28
  com.unity.ide.visualstudio from version 2.0.11 to 2.0.22
  com.unity.ide.vscode from version 1.2.4 to 1.2.5
  com.unity.render-pipelines.high-definition from version 12.1.0 to 14.0.11
  com.unity.render-pipelines.universal from version 12.1.0 to 14.0.11
  com.unity.shadergraph from version 12.1.0 to 14.0.11
  com.unity.test-framework from version 1.1.29 to 1.1.33
  com.unity.timeline from version 1.6.2 to 1.7.6
  com.unity.visualscripting from version 1.7.2 to 1.9.4

=== Tue Sep 17 14:07:41 2024

Packages were changed.
Update Mode: updateDependencies

The following packages were updated:
  com.unity.cinemachine from version 2.9.1 to 2.10.0
  com.unity.collab-proxy from version 1.17.2 to 2.3.1
  com.unity.ide.rider from version 3.0.15 to 3.0.28
  com.unity.ide.visualstudio from version 2.0.16 to 2.0.22
  com.unity.render-pipelines.universal from version 12.1.7 to 14.0.11
  com.unity.terrain-tools from version 4.0.3 to 5.0.1
  com.unity.timeline from version 1.6.4 to 1.7.6
  com.unity.visualeffectgraph from version 12.1.7 to 14.0.11
  com.unity.visualscripting from version 1.7.8 to 1.9.4

=== Tue Sep 17 14:07:41 2024

Packages were changed.
Update Mode: mergeDefaultDependencies

The following packages were added:
  com.unity.cinemachine@2.10.0
  com.unity.visualeffectgraph@14.0.11
